<?xml version="1.0" encoding="utf-8"?><testsuites name="pytest tests"><testsuite name="pytest" errors="0" failures="0" skipped="1" tests="15" time="4.962" timestamp="2026-04-07T18:56:36.554154+00:00" hostname="agent-env-194f9692-baa0-4454-9a91-7dedcde2ea45"><testcase classname="backend.tests.test_review_system.TestReviewSystemSetup" name="test_api_health" time="0.224" /><testcase classname="backend.tests.test_review_system.TestReviewSystemSetup" name="test_professional_login" time="0.277" /><testcase classname="backend.tests.test_review_system.TestReviewWorkflow" name="test_complete_booking_generates_review_token" time="0.641" /><testcase classname="backend.tests.test_review_system.TestReviewWorkflow" name="test_get_review_info_valid_token" time="0.122" /><testcase classname="backend.tests.test_review_system.TestReviewWorkflow" name="test_submit_review_valid" time="0.125" /><testcase classname="backend.tests.test_review_system.TestDuplicateReviewPrevention" name="test_duplicate_review_via_get_endpoint" time="0.898" /><testcase classname="backend.tests.test_review_system.TestDuplicateReviewPrevention" name="test_duplicate_review_via_post_endpoint" time="0.112" /><testcase classname="backend.tests.test_review_system.TestRatingValidation" name="test_rating_below_minimum" time="0.822" /><testcase classname="backend.tests.test_review_system.TestRatingValidation" name="test_rating_above_maximum" time="0.120" /><testcase classname="backend.tests.test_review_system.TestRatingValidation" name="test_valid_rating_range" time="0.103" /><testcase classname="backend.tests.test_review_system.TestInvalidTokenHandling" name="test_invalid_token_get" time="0.104" /><testcase classname="backend.tests.test_review_system.TestInvalidTokenHandling" name="test_invalid_token_post" time="0.122" /><testcase classname="backend.tests.test_review_system.TestInvalidTokenHandling" name="test_mismatched_booking_and_token" time="0.139" /><testcase classname="backend.tests.test_review_system.TestProfessionalRatingUpdate" name="test_professional_rating_after_review" time="0.113"><skipped type="pytest.skip" message="Cannot login: {&quot;detail&quot;:&quot;Previše pokušaja prijave. Pokušajte ponovo za minutu.&quot;}">/app/backend/tests/test_review_system.py:454: Cannot login: {"detail":"Previše pokušaja prijave. Pokušajte ponovo za minutu."}</skipped></testcase><testcase classname="backend.tests.test_review_system.TestCleanup" name="test_cleanup_test_bookings" time="0.967" /></testsuite></testsuites>